{
  "RSpec": {
    "coverage": {
      "/Users/alistairdavidson/projects/graph-algorithms/models/fifo_queue.rb": [
        null,
        null,
        null,
        null,
        1,
        1,
        13,
        null,
        null,
        1,
        25,
        null,
        null,
        1,
        22,
        22,
        22,
        null,
        null,
        1,
        4,
        null,
        null,
        1,
        22,
        null,
        null,
        1,
        6,
        null,
        null
      ],
      "/Users/alistairdavidson/projects/graph-algorithms/spec/models/graph_spec.rb": [
        1,
        null,
        1,
        1,
        1,
        null,
        1,
        1,
        null,
        1,
        8,
        8,
        8,
        null,
        null,
        1,
        32,
        null,
        1,
        32,
        null,
        1,
        24,
        null,
        null,
        null,
        null,
        1,
        null,
        1,
        1,
        2,
        null,
        1,
        2,
        null,
        null,
        null,
        null,
        1,
        1,
        2,
        null,
        1,
        2,
        null,
        null,
        null,
        null,
        1,
        14,
        14,
        14,
        14,
        14,
        14,
        14,
        null,
        1,
        52,
        13,
        13,
        13,
        null,
        null,
        1,
        1,
        1,
        1,
        null,
        null,
        null,
        1,
        1,
        1,
        1,
        null,
        null,
        null,
        1,
        1,
        1,
        null,
        null,
        null,
        1,
        1,
        1,
        null,
        null,
        null,
        1,
        1,
        1,
        null,
        null,
        null,
        null,
        1,
        5,
        1,
        4,
        null,
        null,
        1,
        1,
        3,
        null,
        null,
        null,
        1,
        1,
        3,
        null,
        null,
        null,
        1,
        1,
        3,
        null,
        null,
        null,
        1,
        1,
        null,
        null,
        null,
        1,
        5,
        1,
        4,
        null,
        null,
        1,
        1,
        3,
        null,
        null,
        null,
        1,
        1,
        3,
        null,
        null,
        null,
        1,
        1,
        3,
        null,
        null,
        null,
        1,
        1,
        null,
        null,
        null,
        null,
        null
      ],
      "/Users/alistairdavidson/projects/graph-algorithms/models/graph.rb": [
        null,
        null,
        null,
        null,
        null,
        null,
        null,
        null,
        1,
        null,
        1,
        1,
        1,
        null,
        1,
        15,
        15,
        15,
        15,
        null,
        null,
        null,
        null,
        null,
        1,
        136,
        null,
        1,
        4,
        null,
        null,
        1,
        3,
        null,
        null,
        1,
        40,
        null,
        null,
        1,
        40,
        null,
        null,
        1,
        7,
        null,
        null,
        1,
        7,
        null,
        null,
        null,
        null,
        null,
        null,
        null,
        null,
        null,
        null,
        null,
        1,
        4,
        null,
        null,
        1,
        4,
        null,
        null,
        1,
        8,
        8,
        null,
        null,
        null,
        8,
        null,
        8,
        32,
        32,
        32,
        null,
        32,
        32,
        null,
        32,
        24,
        24,
        24,
        null,
        null,
        24,
        24,
        24,
        null,
        null,
        null,
        32,
        32,
        null,
        null,
        null,
        null,
        null,
        null,
        null,
        null
      ],
      "/Users/alistairdavidson/projects/graph-algorithms/models/node.rb": [
        null,
        null,
        null,
        null,
        1,
        1,
        null,
        1,
        53,
        null,
        null
      ],
      "/Users/alistairdavidson/projects/graph-algorithms/models/edge.rb": [
        null,
        null,
        null,
        null,
        1,
        1,
        null,
        1,
        null,
        1,
        40,
        40,
        40,
        null,
        null
      ],
      "/Users/alistairdavidson/projects/graph-algorithms/spec/models/lifo_queue_spec.rb": [
        1,
        1,
        null,
        1,
        1,
        1,
        2,
        null,
        1,
        2,
        null,
        null,
        null,
        1,
        1,
        2,
        null,
        null,
        null,
        1,
        1,
        2,
        null,
        null,
        null,
        null,
        1,
        1,
        1,
        6,
        null,
        null,
        1,
        1,
        2,
        null,
        1,
        1,
        null,
        null,
        null,
        1,
        1,
        2,
        null,
        1,
        1,
        null,
        null,
        null,
        1,
        1,
        1,
        null,
        null,
        1,
        2,
        null,
        null,
        null,
        null,
        null
      ],
      "/Users/alistairdavidson/projects/graph-algorithms/models/lifo_queue.rb": [
        null,
        null,
        null,
        null,
        1,
        1,
        13,
        null,
        null,
        1,
        25,
        null,
        null,
        1,
        22,
        22,
        null,
        null,
        1,
        4,
        null,
        null,
        1,
        22,
        null,
        null,
        1,
        6,
        null,
        null
      ]
    },
    "timestamp": 1485449985
  }
}
